android/app/build/intermediates/manifest_merge_blame_file/debug/manifest-merger-blame-debug-report.txt
1<?xml version="1.0" encoding="utf-8"?>
2<manifest xmlns:android="http://schemas.android.com/apk/res/android"
3    package="com.munyayi"
4    android:versionCode="1"
5    android:versionName="1.0" >
6
7    <uses-sdk
8        android:minSdkVersion="21"
9        android:targetSdkVersion="30" />
10
11    <uses-permission android:name="android.permission.SYSTEM_ALERT_WINDOW" />
11-->src\debug\AndroidManifest.xml:5:5-77
11-->src\debug\AndroidManifest.xml:5:22-75
12    <uses-permission android:name="android.permission.INTERNET" />
12-->src\main\AndroidManifest.xml:4:5-67
12-->src\main\AndroidManifest.xml:4:22-64
13    <uses-permission android:name="android.permission.ACCESS_FINE_LOCATION" />
13-->src\main\AndroidManifest.xml:5:5-79
13-->src\main\AndroidManifest.xml:5:22-76
14    <uses-permission android:name="android.permission.ACCESS_WIFI_STATE" />
14-->[com.facebook.flipper:flipper:0.54.0] AndroidManifest.xml:16:5-76
14-->[com.facebook.flipper:flipper:0.54.0] AndroidManifest.xml:16:22-73
15    <uses-permission android:name="android.permission.ACCESS_NETWORK_STATE" />
15-->[:react-native-community_netinfo] AndroidManifest.xml:9:5-79
15-->[:react-native-community_netinfo] AndroidManifest.xml:9:22-76
16
17    <queries>
17-->[:react-native-image-crop-picker] AndroidManifest.xml:9:5-13:15
18        <intent>
18-->[:react-native-image-crop-picker] AndroidManifest.xml:10:9-12:18
19            <action android:name="android.media.action.IMAGE_CAPTURE" />
19-->[:react-native-image-crop-picker] AndroidManifest.xml:11:13-73
19-->[:react-native-image-crop-picker] AndroidManifest.xml:11:21-70
20        </intent>
21    </queries>
22
23    <uses-permission android:name="android.permission.WRITE_EXTERNAL_STORAGE" />
23-->[:react-native-image-crop-picker] AndroidManifest.xml:15:5-81
23-->[:react-native-image-crop-picker] AndroidManifest.xml:15:22-78
24    <uses-permission android:name="android.permission.ACCESS_COARSE_LOCATION" /> <!-- Required to access Google Play Licensing -->
24-->[:react-native-maps] AndroidManifest.xml:10:5-81
24-->[:react-native-maps] AndroidManifest.xml:10:22-78
25    <uses-permission android:name="com.android.vending.CHECK_LICENSE" />
25-->[:rn-fetch-blob] AndroidManifest.xml:10:5-73
25-->[:rn-fetch-blob] AndroidManifest.xml:10:22-70
26    <!--
27         Required to keep CPU alive while downloading files
28        (NOT to keep screen awake)
29    -->
30    <uses-permission android:name="android.permission.WAKE_LOCK" />
30-->[:rn-fetch-blob] AndroidManifest.xml:19:5-68
30-->[:rn-fetch-blob] AndroidManifest.xml:19:22-65
31
32    <permission
32-->[com.pusher:push-notifications-android:1.4.5] AndroidManifest.xml:11:5-13:47
33        android:name="com.munyayi.permission.C2D_MESSAGE"
33-->[com.pusher:push-notifications-android:1.4.5] AndroidManifest.xml:12:9-63
34        android:protectionLevel="signature" />
34-->[com.pusher:push-notifications-android:1.4.5] AndroidManifest.xml:13:9-44
35
36    <uses-permission android:name="com.munyayi.permission.C2D_MESSAGE" /> <!-- Required by older versions of Google Play services to create IID tokens -->
36-->[com.pusher:push-notifications-android:1.4.5] AndroidManifest.xml:15:5-79
36-->[com.pusher:push-notifications-android:1.4.5] AndroidManifest.xml:15:22-76
37    <uses-permission android:name="com.google.android.c2dm.permission.RECEIVE" />
37-->[com.google.firebase:firebase-iid:21.0.1] AndroidManifest.xml:26:5-82
37-->[com.google.firebase:firebase-iid:21.0.1] AndroidManifest.xml:26:22-79
38
39    <uses-feature
39-->[com.google.android.gms:play-services-maps:17.0.0] AndroidManifest.xml:26:5-28:35
40        android:glEsVersion="0x00020000"
40-->[com.google.android.gms:play-services-maps:17.0.0] AndroidManifest.xml:27:9-41
41        android:required="true" />
41-->[com.google.android.gms:play-services-maps:17.0.0] AndroidManifest.xml:28:9-32
42
43    <uses-permission android:name="com.google.android.finsky.permission.BIND_GET_INSTALL_REFERRER_SERVICE" />
43-->[com.google.android.gms:play-services-measurement:18.0.1] AndroidManifest.xml:26:5-110
43-->[com.google.android.gms:play-services-measurement:18.0.1] AndroidManifest.xml:26:22-107
44
45    <application
45-->src\main\AndroidManifest.xml:7:5-30:19
46        android:name="com.workreapmobile.MainApplication"
46-->src\main\AndroidManifest.xml:9:7-38
47        android:allowBackup="false"
47-->src\main\AndroidManifest.xml:13:7-34
48        android:appComponentFactory="androidx.core.app.CoreComponentFactory"
48-->[androidx.core:core:1.1.0] AndroidManifest.xml:24:18-86
49        android:debuggable="true"
50        android:fullBackupContent="@xml/backup_rules"
50-->[com.pusher:push-notifications-android:1.4.5] AndroidManifest.xml:18:18-63
51        android:icon="@mipmap/ic_launcher"
51-->src\main\AndroidManifest.xml:11:7-41
52        android:label="@string/app_name"
52-->src\main\AndroidManifest.xml:10:7-39
53        android:roundIcon="@mipmap/ic_launcher"
53-->src\main\AndroidManifest.xml:12:7-46
54        android:theme="@style/AppTheme"
54-->src\main\AndroidManifest.xml:14:7-38
55        android:usesCleartextTraffic="true" >
55-->src\main\AndroidManifest.xml:8:5-40
56        <activity
56-->src\main\AndroidManifest.xml:15:7-25:18
57            android:name="com.workreapmobile.MainActivity"
57-->src\main\AndroidManifest.xml:16:9-37
58            android:configChanges="keyboard|keyboardHidden|orientation|screenSize|uiMode"
58-->src\main\AndroidManifest.xml:18:9-86
59            android:label="@string/app_name"
59-->src\main\AndroidManifest.xml:17:9-41
60            android:launchMode="singleTask"
60-->src\main\AndroidManifest.xml:19:9-40
61            android:windowSoftInputMode="adjustResize" >
61-->src\main\AndroidManifest.xml:20:9-51
62            <intent-filter>
62-->src\main\AndroidManifest.xml:21:9-24:25
63                <action android:name="android.intent.action.MAIN" />
63-->src\main\AndroidManifest.xml:22:13-65
63-->src\main\AndroidManifest.xml:22:21-62
64
65                <category android:name="android.intent.category.LAUNCHER" />
65-->src\main\AndroidManifest.xml:23:13-73
65-->src\main\AndroidManifest.xml:23:23-70
66            </intent-filter>
67        </activity>
68        <activity android:name="com.facebook.react.devsupport.DevSettingsActivity" />
68-->src\main\AndroidManifest.xml:26:7-84
68-->src\main\AndroidManifest.xml:26:17-81
69
70        <meta-data
70-->src\main\AndroidManifest.xml:27:7-29:66
71            android:name="com.google.android.geo.API_KEY"
71-->src\main\AndroidManifest.xml:28:9-54
72            android:value="AIzaSyDBBihu_tVeuBzgYrZxakhnomR-BjBUlm4" />
72-->src\main\AndroidManifest.xml:29:9-64
73
74        <provider
74-->[:react-native-image-crop-picker] AndroidManifest.xml:18:9-26:20
75            android:name="androidx.core.content.FileProvider"
75-->[:react-native-image-crop-picker] AndroidManifest.xml:19:13-62
76            android:authorities="com.munyayi.provider"
76-->[:react-native-image-crop-picker] AndroidManifest.xml:20:13-60
77            android:exported="false"
77-->[:react-native-image-crop-picker] AndroidManifest.xml:21:13-37
78            android:grantUriPermissions="true" >
78-->[:react-native-image-crop-picker] AndroidManifest.xml:22:13-47
79            <meta-data
79-->[:react-native-image-crop-picker] AndroidManifest.xml:23:13-25:58
80                android:name="android.support.FILE_PROVIDER_PATHS"
80-->[:react-native-image-crop-picker] AndroidManifest.xml:24:17-67
81                android:resource="@xml/provider_paths" />
81-->[:react-native-image-crop-picker] AndroidManifest.xml:25:17-55
82        </provider>
83
84        <activity
84-->[:react-native-image-crop-picker] AndroidManifest.xml:28:9-30:72
85            android:name="com.yalantis.ucrop.UCropActivity"
85-->[:react-native-image-crop-picker] AndroidManifest.xml:29:13-60
86            android:theme="@style/Theme.AppCompat.Light.NoActionBar" />
86-->[:react-native-image-crop-picker] AndroidManifest.xml:30:13-69
87
88        <provider
88-->[:react-native-webview] AndroidManifest.xml:10:9-18:20
89            android:name="com.reactnativecommunity.webview.RNCWebViewFileProvider"
89-->[:react-native-webview] AndroidManifest.xml:11:13-83
90            android:authorities="com.munyayi.fileprovider"
90-->[:react-native-webview] AndroidManifest.xml:12:13-64
91            android:exported="false"
91-->[:react-native-webview] AndroidManifest.xml:13:13-37
92            android:grantUriPermissions="true" >
92-->[:react-native-webview] AndroidManifest.xml:14:13-47
93            <meta-data
93-->[:react-native-image-crop-picker] AndroidManifest.xml:23:13-25:58
94                android:name="android.support.FILE_PROVIDER_PATHS"
94-->[:react-native-image-crop-picker] AndroidManifest.xml:24:17-67
95                android:resource="@xml/file_provider_paths" />
95-->[:react-native-image-crop-picker] AndroidManifest.xml:25:17-55
96        </provider>
97        <provider
97-->[:rn-fetch-blob] AndroidManifest.xml:34:9-42:20
98            android:name="com.RNFetchBlob.Utils.FileProvider"
98-->[:rn-fetch-blob] AndroidManifest.xml:35:13-62
99            android:authorities="com.munyayi.provider"
99-->[:rn-fetch-blob] AndroidManifest.xml:36:13-60
100            android:exported="false"
100-->[:rn-fetch-blob] AndroidManifest.xml:37:13-37
101            android:grantUriPermissions="true" >
101-->[:rn-fetch-blob] AndroidManifest.xml:38:13-47
102            <meta-data
102-->[:react-native-image-crop-picker] AndroidManifest.xml:23:13-25:58
103                android:name="android.support.FILE_PROVIDER_PATHS"
103-->[:react-native-image-crop-picker] AndroidManifest.xml:24:17-67
104                android:resource="@xml/provider_paths" />
104-->[:react-native-image-crop-picker] AndroidManifest.xml:25:17-55
105        </provider>
106
107        <receiver
107-->[com.pusher:push-notifications-android:1.4.5] AndroidManifest.xml:19:9-28:20
108            android:name="com.pusher.pushnotifications.reporting.FCMMessageReceiver"
108-->[com.pusher:push-notifications-android:1.4.5] AndroidManifest.xml:20:13-85
109            android:exported="true"
109-->[com.pusher:push-notifications-android:1.4.5] AndroidManifest.xml:21:13-36
110            android:permission="com.google.android.c2dm.permission.SEND" >
110-->[com.pusher:push-notifications-android:1.4.5] AndroidManifest.xml:22:13-73
111            <intent-filter>
111-->[com.pusher:push-notifications-android:1.4.5] AndroidManifest.xml:23:13-27:29
112                <action android:name="com.google.android.c2dm.intent.RECEIVE" />
112-->[com.pusher:push-notifications-android:1.4.5] AndroidManifest.xml:24:17-81
112-->[com.pusher:push-notifications-android:1.4.5] AndroidManifest.xml:24:25-78
113
114                <category android:name="com.munyayi" />
114-->[com.pusher:push-notifications-android:1.4.5] AndroidManifest.xml:26:17-61
114-->[com.pusher:push-notifications-android:1.4.5] AndroidManifest.xml:26:27-58
115            </intent-filter>
116        </receiver>
117
118        <service
118-->[com.pusher:push-notifications-android:1.4.5] AndroidManifest.xml:30:9-37:19
119            android:name="com.pusher.pushnotifications.reporting.ReportingJobService"
119-->[com.pusher:push-notifications-android:1.4.5] AndroidManifest.xml:31:13-86
120            android:exported="true"
120-->[com.pusher:push-notifications-android:1.4.5] AndroidManifest.xml:32:13-36
121            android:permission="android.permission.BIND_JOB_SERVICE" >
121-->[com.pusher:push-notifications-android:1.4.5] AndroidManifest.xml:33:13-69
122            <intent-filter>
122-->[com.pusher:push-notifications-android:1.4.5] AndroidManifest.xml:34:13-36:29
123                <action android:name="com.firebase.jobdispatcher.ACTION_EXECUTE" />
123-->[com.pusher:push-notifications-android:1.4.5] AndroidManifest.xml:35:17-84
123-->[com.pusher:push-notifications-android:1.4.5] AndroidManifest.xml:35:25-81
124            </intent-filter>
125        </service>
126        <service android:name="com.pusher.pushnotifications.fcm.EmptyMessagingService" >
126-->[com.pusher:push-notifications-android:1.4.5] AndroidManifest.xml:38:9-42:19
126-->[com.pusher:push-notifications-android:1.4.5] AndroidManifest.xml:38:18-87
127            <intent-filter android:priority="1" >
127-->[com.pusher:push-notifications-android:1.4.5] AndroidManifest.xml:39:13-41:29
127-->[com.pusher:push-notifications-android:1.4.5] AndroidManifest.xml:39:28-48
128                <action android:name="com.google.firebase.MESSAGING_EVENT" />
128-->[com.pusher:push-notifications-android:1.4.5] AndroidManifest.xml:40:17-78
128-->[com.pusher:push-notifications-android:1.4.5] AndroidManifest.xml:40:25-75
129            </intent-filter>
130        </service>
131
132        <provider
132-->[com.pusher:push-notifications-android:1.4.5] AndroidManifest.xml:44:9-48:38
133            android:name="com.pusher.pushnotifications.internal.PushNotificationsInitProvider"
133-->[com.pusher:push-notifications-android:1.4.5] AndroidManifest.xml:45:13-95
134            android:authorities="com.munyayi.pushnotificationsinitprovider"
134-->[com.pusher:push-notifications-android:1.4.5] AndroidManifest.xml:46:13-81
135            android:exported="false"
135-->[com.pusher:push-notifications-android:1.4.5] AndroidManifest.xml:47:13-37
136            android:initOrder="99" />
136-->[com.pusher:push-notifications-android:1.4.5] AndroidManifest.xml:48:13-35
137
138        <activity android:name="com.pusher.pushnotifications.reporting.OpenNotificationActivity" >
138-->[com.pusher:push-notifications-android:1.4.5] AndroidManifest.xml:50:9-56:20
138-->[com.pusher:push-notifications-android:1.4.5] AndroidManifest.xml:50:19-97
139            <intent-filter>
139-->[com.pusher:push-notifications-android:1.4.5] AndroidManifest.xml:51:13-55:29
140                <action android:name="com.pusher.pushnotifications.OPEN_TRACKING" />
140-->[com.pusher:push-notifications-android:1.4.5] AndroidManifest.xml:52:17-85
140-->[com.pusher:push-notifications-android:1.4.5] AndroidManifest.xml:52:25-82
141
142                <category android:name="android.intent.category.DEFAULT" />
142-->[com.pusher:push-notifications-android:1.4.5] AndroidManifest.xml:54:17-76
142-->[com.pusher:push-notifications-android:1.4.5] AndroidManifest.xml:54:27-73
143            </intent-filter>
144        </activity>
145        <!--
146             FirebaseMessagingService performs security checks at runtime,
147             but set to not exported to explicitly avoid allowing another app to call it.
148        -->
149        <service
149-->[com.google.firebase:firebase-messaging:21.0.1] AndroidManifest.xml:28:9-35:19
150            android:name="com.google.firebase.messaging.FirebaseMessagingService"
150-->[com.google.firebase:firebase-messaging:21.0.1] AndroidManifest.xml:29:13-82
151            android:directBootAware="true"
151-->[com.google.firebase:firebase-messaging:21.0.1] AndroidManifest.xml:30:13-43
152            android:exported="false" >
152-->[com.google.firebase:firebase-messaging:21.0.1] AndroidManifest.xml:31:13-37
153            <intent-filter android:priority="-500" >
153-->[com.pusher:push-notifications-android:1.4.5] AndroidManifest.xml:39:13-41:29
153-->[com.pusher:push-notifications-android:1.4.5] AndroidManifest.xml:39:28-48
154                <action android:name="com.google.firebase.MESSAGING_EVENT" />
154-->[com.pusher:push-notifications-android:1.4.5] AndroidManifest.xml:40:17-78
154-->[com.pusher:push-notifications-android:1.4.5] AndroidManifest.xml:40:25-75
155            </intent-filter>
156        </service>
157        <service
157-->[com.google.firebase:firebase-messaging:21.0.1] AndroidManifest.xml:36:9-42:19
158            android:name="com.google.firebase.components.ComponentDiscoveryService"
158-->[com.google.firebase:firebase-messaging:21.0.1] AndroidManifest.xml:37:13-84
159            android:directBootAware="true"
159-->[com.google.firebase:firebase-common:19.5.0] AndroidManifest.xml:35:13-43
160            android:exported="false" >
160-->[com.google.firebase:firebase-messaging:21.0.1] AndroidManifest.xml:38:13-37
161            <meta-data
161-->[com.google.firebase:firebase-messaging:21.0.1] AndroidManifest.xml:39:13-41:85
162                android:name="com.google.firebase.components:com.google.firebase.messaging.FirebaseMessagingRegistrar"
162-->[com.google.firebase:firebase-messaging:21.0.1] AndroidManifest.xml:40:17-119
163                android:value="com.google.firebase.components.ComponentRegistrar" />
163-->[com.google.firebase:firebase-messaging:21.0.1] AndroidManifest.xml:41:17-82
164            <meta-data
164-->[com.google.firebase:firebase-datatransport:17.0.10] AndroidManifest.xml:28:13-30:85
165                android:name="com.google.firebase.components:com.google.firebase.datatransport.TransportRegistrar"
165-->[com.google.firebase:firebase-datatransport:17.0.10] AndroidManifest.xml:29:17-115
166                android:value="com.google.firebase.components.ComponentRegistrar" />
166-->[com.google.firebase:firebase-datatransport:17.0.10] AndroidManifest.xml:30:17-82
167            <meta-data
167-->[com.google.firebase:firebase-iid:21.0.1] AndroidManifest.xml:32:13-34:85
168                android:name="com.google.firebase.components:com.google.firebase.iid.Registrar"
168-->[com.google.firebase:firebase-iid:21.0.1] AndroidManifest.xml:33:17-96
169                android:value="com.google.firebase.components.ComponentRegistrar" />
169-->[com.google.firebase:firebase-iid:21.0.1] AndroidManifest.xml:34:17-82
170            <meta-data
170-->[com.google.android.gms:play-services-measurement-api:18.0.1] AndroidManifest.xml:30:13-32:85
171                android:name="com.google.firebase.components:com.google.firebase.analytics.connector.internal.AnalyticsConnectorRegistrar"
171-->[com.google.android.gms:play-services-measurement-api:18.0.1] AndroidManifest.xml:31:17-139
172                android:value="com.google.firebase.components.ComponentRegistrar" />
172-->[com.google.android.gms:play-services-measurement-api:18.0.1] AndroidManifest.xml:32:17-82
173            <meta-data
173-->[com.google.firebase:firebase-installations:16.3.5] AndroidManifest.xml:18:13-20:85
174                android:name="com.google.firebase.components:com.google.firebase.installations.FirebaseInstallationsRegistrar"
174-->[com.google.firebase:firebase-installations:16.3.5] AndroidManifest.xml:19:17-127
175                android:value="com.google.firebase.components.ComponentRegistrar" />
175-->[com.google.firebase:firebase-installations:16.3.5] AndroidManifest.xml:20:17-82
176            <!--
177                This registrar is not defined in the dynamic-module-support sdk itself to allow non-firebase
178                clients to use it as well, by defining this registrar in their own core/common library.
179            -->
180            <meta-data
180-->[com.google.firebase:firebase-common:19.5.0] AndroidManifest.xml:43:13-45:85
181                android:name="com.google.firebase.components:com.google.firebase.dynamicloading.DynamicLoadingRegistrar"
181-->[com.google.firebase:firebase-common:19.5.0] AndroidManifest.xml:44:17-121
182                android:value="com.google.firebase.components.ComponentRegistrar" />
182-->[com.google.firebase:firebase-common:19.5.0] AndroidManifest.xml:45:17-82
183        </service>
184        <service
184-->[com.google.android.datatransport:transport-backend-cct:2.3.3] AndroidManifest.xml:29:9-35:19
185            android:name="com.google.android.datatransport.runtime.backends.TransportBackendDiscovery"
185-->[com.google.android.datatransport:transport-backend-cct:2.3.3] AndroidManifest.xml:30:13-103
186            android:exported="false" >
186-->[com.google.android.datatransport:transport-backend-cct:2.3.3] AndroidManifest.xml:31:13-37
187            <meta-data
187-->[com.google.android.datatransport:transport-backend-cct:2.3.3] AndroidManifest.xml:32:13-34:39
188                android:name="backend:com.google.android.datatransport.cct.CctBackendFactory"
188-->[com.google.android.datatransport:transport-backend-cct:2.3.3] AndroidManifest.xml:33:17-94
189                android:value="cct" />
189-->[com.google.android.datatransport:transport-backend-cct:2.3.3] AndroidManifest.xml:34:17-36
190        </service>
191
192        <receiver
192-->[com.google.firebase:firebase-iid:21.0.1] AndroidManifest.xml:37:9-44:20
193            android:name="com.google.firebase.iid.FirebaseInstanceIdReceiver"
193-->[com.google.firebase:firebase-iid:21.0.1] AndroidManifest.xml:38:13-78
194            android:exported="true"
194-->[com.google.firebase:firebase-iid:21.0.1] AndroidManifest.xml:39:13-36
195            android:permission="com.google.android.c2dm.permission.SEND" >
195-->[com.google.firebase:firebase-iid:21.0.1] AndroidManifest.xml:40:13-73
196            <intent-filter>
196-->[com.google.firebase:firebase-iid:21.0.1] AndroidManifest.xml:41:13-43:29
197                <action android:name="com.google.android.c2dm.intent.RECEIVE" />
197-->[com.pusher:push-notifications-android:1.4.5] AndroidManifest.xml:24:17-81
197-->[com.pusher:push-notifications-android:1.4.5] AndroidManifest.xml:24:25-78
198            </intent-filter>
199        </receiver>
200
201        <provider
201-->[com.google.firebase:firebase-common:19.5.0] AndroidManifest.xml:26:9-31:39
202            android:name="com.google.firebase.provider.FirebaseInitProvider"
202-->[com.google.firebase:firebase-common:19.5.0] AndroidManifest.xml:27:13-77
203            android:authorities="com.munyayi.firebaseinitprovider"
203-->[com.google.firebase:firebase-common:19.5.0] AndroidManifest.xml:28:13-72
204            android:directBootAware="true"
204-->[com.google.firebase:firebase-common:19.5.0] AndroidManifest.xml:29:13-43
205            android:exported="false"
205-->[com.google.firebase:firebase-common:19.5.0] AndroidManifest.xml:30:13-37
206            android:initOrder="100" />
206-->[com.google.firebase:firebase-common:19.5.0] AndroidManifest.xml:31:13-36
207
208        <service
208-->[com.google.android.datatransport:transport-runtime:2.2.5] AndroidManifest.xml:26:9-30:19
209            android:name="com.google.android.datatransport.runtime.scheduling.jobscheduling.JobInfoSchedulerService"
209-->[com.google.android.datatransport:transport-runtime:2.2.5] AndroidManifest.xml:27:13-117
210            android:exported="false"
210-->[com.google.android.datatransport:transport-runtime:2.2.5] AndroidManifest.xml:28:13-37
211            android:permission="android.permission.BIND_JOB_SERVICE" >
211-->[com.google.android.datatransport:transport-runtime:2.2.5] AndroidManifest.xml:29:13-69
212        </service>
213
214        <receiver
214-->[com.google.android.datatransport:transport-runtime:2.2.5] AndroidManifest.xml:32:9-34:40
215            android:name="com.google.android.datatransport.runtime.scheduling.jobscheduling.AlarmManagerSchedulerBroadcastReceiver"
215-->[com.google.android.datatransport:transport-runtime:2.2.5] AndroidManifest.xml:33:13-132
216            android:exported="false" /> <!-- Needs to be explicitly declared on P+ -->
216-->[com.google.android.datatransport:transport-runtime:2.2.5] AndroidManifest.xml:34:13-37
217        <uses-library
217-->[com.google.android.gms:play-services-maps:17.0.0] AndroidManifest.xml:33:9-35:40
218            android:name="org.apache.http.legacy"
218-->[com.google.android.gms:play-services-maps:17.0.0] AndroidManifest.xml:34:13-50
219            android:required="false" />
219-->[com.google.android.gms:play-services-maps:17.0.0] AndroidManifest.xml:35:13-37
220
221        <activity
221-->[com.google.android.gms:play-services-base:17.0.0] AndroidManifest.xml:23:9-26:75
222            android:name="com.google.android.gms.common.api.GoogleApiActivity"
222-->[com.google.android.gms:play-services-base:17.0.0] AndroidManifest.xml:24:13-79
223            android:exported="false"
223-->[com.google.android.gms:play-services-base:17.0.0] AndroidManifest.xml:25:13-37
224            android:theme="@android:style/Theme.Translucent.NoTitleBar" />
224-->[com.google.android.gms:play-services-base:17.0.0] AndroidManifest.xml:26:13-72
225
226        <receiver
226-->[com.google.android.gms:play-services-measurement:18.0.1] AndroidManifest.xml:29:9-33:20
227            android:name="com.google.android.gms.measurement.AppMeasurementReceiver"
227-->[com.google.android.gms:play-services-measurement:18.0.1] AndroidManifest.xml:30:13-85
228            android:enabled="true"
228-->[com.google.android.gms:play-services-measurement:18.0.1] AndroidManifest.xml:31:13-35
229            android:exported="false" >
229-->[com.google.android.gms:play-services-measurement:18.0.1] AndroidManifest.xml:32:13-37
230        </receiver>
231
232        <service
232-->[com.google.android.gms:play-services-measurement:18.0.1] AndroidManifest.xml:35:9-38:40
233            android:name="com.google.android.gms.measurement.AppMeasurementService"
233-->[com.google.android.gms:play-services-measurement:18.0.1] AndroidManifest.xml:36:13-84
234            android:enabled="true"
234-->[com.google.android.gms:play-services-measurement:18.0.1] AndroidManifest.xml:37:13-35
235            android:exported="false" />
235-->[com.google.android.gms:play-services-measurement:18.0.1] AndroidManifest.xml:38:13-37
236        <service
236-->[com.google.android.gms:play-services-measurement:18.0.1] AndroidManifest.xml:39:9-43:72
237            android:name="com.google.android.gms.measurement.AppMeasurementJobService"
237-->[com.google.android.gms:play-services-measurement:18.0.1] AndroidManifest.xml:40:13-87
238            android:enabled="true"
238-->[com.google.android.gms:play-services-measurement:18.0.1] AndroidManifest.xml:41:13-35
239            android:exported="false"
239-->[com.google.android.gms:play-services-measurement:18.0.1] AndroidManifest.xml:42:13-37
240            android:permission="android.permission.BIND_JOB_SERVICE" />
240-->[com.google.android.gms:play-services-measurement:18.0.1] AndroidManifest.xml:43:13-69
241
242        <meta-data
242-->[com.google.android.gms:play-services-basement:17.0.0] AndroidManifest.xml:23:9-25:69
243            android:name="com.google.android.gms.version"
243-->[com.google.android.gms:play-services-basement:17.0.0] AndroidManifest.xml:24:13-58
244            android:value="@integer/google_play_services_version" />
244-->[com.google.android.gms:play-services-basement:17.0.0] AndroidManifest.xml:25:13-66
245        <!--
246             Receives GooglePlay execution requests and forwards them to the
247             appropriate internal service.
248        -->
249        <service
249-->[com.firebase:firebase-jobdispatcher:0.8.5] AndroidManifest.xml:32:9-39:19
250            android:name="com.firebase.jobdispatcher.GooglePlayReceiver"
250-->[com.firebase:firebase-jobdispatcher:0.8.5] AndroidManifest.xml:33:13-73
251            android:exported="true"
251-->[com.firebase:firebase-jobdispatcher:0.8.5] AndroidManifest.xml:34:13-36
252            android:permission="com.google.android.gms.permission.BIND_NETWORK_TASK_SERVICE" >
252-->[com.firebase:firebase-jobdispatcher:0.8.5] AndroidManifest.xml:35:13-93
253            <intent-filter>
253-->[com.firebase:firebase-jobdispatcher:0.8.5] AndroidManifest.xml:36:13-38:29
254                <action android:name="com.google.android.gms.gcm.ACTION_TASK_READY" />
254-->[com.firebase:firebase-jobdispatcher:0.8.5] AndroidManifest.xml:37:17-87
254-->[com.firebase:firebase-jobdispatcher:0.8.5] AndroidManifest.xml:37:25-84
255            </intent-filter>
256        </service>
257        <service
257-->[androidx.room:room-runtime:2.1.0] AndroidManifest.xml:25:9-27:40
258            android:name="androidx.room.MultiInstanceInvalidationService"
258-->[androidx.room:room-runtime:2.1.0] AndroidManifest.xml:26:13-74
259            android:exported="false" />
259-->[androidx.room:room-runtime:2.1.0] AndroidManifest.xml:27:13-37
260
261        <provider
261-->[androidx.lifecycle:lifecycle-process:2.0.0] AndroidManifest.xml:23:9-27:43
262            android:name="androidx.lifecycle.ProcessLifecycleOwnerInitializer"
262-->[androidx.lifecycle:lifecycle-process:2.0.0] AndroidManifest.xml:24:13-79
263            android:authorities="com.munyayi.lifecycle-process"
263-->[androidx.lifecycle:lifecycle-process:2.0.0] AndroidManifest.xml:25:13-69
264            android:exported="false"
264-->[androidx.lifecycle:lifecycle-process:2.0.0] AndroidManifest.xml:26:13-37
265            android:multiprocess="true" />
265-->[androidx.lifecycle:lifecycle-process:2.0.0] AndroidManifest.xml:27:13-40
266    </application>
267
268</manifest>